===== 2025-06-06 23:05:15 =====
===== 2025-06-06 23:05:37 =====
===== 2025-06-06 23:06:04 =====

===== 2025-06-06 23:06:14 =====

===== 2025-06-06 23:11:07 =====

===== 2025-06-06 23:14:23 =====

===== 2025-06-06 23:27:07 =====
Filesystem                         Size  Used Avail Use% Mounted on
tmpfs                              1.5G  1.1M  1.5G   1% /run
/dev/mapper/ubuntu--vg-ubuntu--lv   19G  6.4G   12G  37% /
tmpfs                              7.1G     0  7.1G   0% /dev/shm
tmpfs                              5.0M     0  5.0M   0% /run/lock
/dev/sda2                          2.0G  100M  1.7G   6% /boot
tmpfs                              1.5G   12K  1.5G   1% /run/user/1000

===== 2025-06-07 00:00:01 =====
Filesystem                         Size  Used Avail Use% Mounted on
tmpfs                              1.5G  1.2M  1.5G   1% /run
/dev/mapper/ubuntu--vg-ubuntu--lv   19G  6.4G   12G  37% /
tmpfs                              7.1G     0  7.1G   0% /dev/shm
tmpfs                              5.0M     0  5.0M   0% /run/lock
/dev/sda2                          2.0G  100M  1.7G   6% /boot
tmpfs                              1.5G   12K  1.5G   1% /run/user/1000

===== 2025-06-07 01:00:01 =====
Filesystem                         Size  Used Avail Use% Mounted on
tmpfs                              1.5G  1.1M  1.5G   1% /run
/dev/mapper/ubuntu--vg-ubuntu--lv   19G  6.4G   12G  37% /
tmpfs                              7.1G     0  7.1G   0% /dev/shm
tmpfs                              5.0M     0  5.0M   0% /run/lock
/dev/sda2                          2.0G  100M  1.7G   6% /boot
tmpfs                              1.5G   12K  1.5G   1% /run/user/1000

===== 2025-06-07 02:00:01 =====
Filesystem                         Size  Used Avail Use% Mounted on
tmpfs                              1.5G  1.1M  1.5G   1% /run
/dev/mapper/ubuntu--vg-ubuntu--lv   19G  6.4G   12G  37% /
tmpfs                              7.1G     0  7.1G   0% /dev/shm
tmpfs                              5.0M     0  5.0M   0% /run/lock
/dev/sda2                          2.0G  100M  1.7G   6% /boot
tmpfs                              1.5G   12K  1.5G   1% /run/user/1000

===== 2025-06-07 04:00:01 =====
Filesystem                         Size  Used Avail Use% Mounted on
tmpfs                              1.5G  1.1M  1.5G   1% /run
/dev/mapper/ubuntu--vg-ubuntu--lv   19G  6.4G   12G  37% /
tmpfs                              7.1G     0  7.1G   0% /dev/shm
tmpfs                              5.0M     0  5.0M   0% /run/lock
/dev/sda2                          2.0G  100M  1.7G   6% /boot
tmpfs                              1.5G   12K  1.5G   1% /run/user/1000

===== 2025-06-07 05:00:02 =====
Filesystem                         Size  Used Avail Use% Mounted on
tmpfs                              1.5G  1.1M  1.5G   1% /run
/dev/mapper/ubuntu--vg-ubuntu--lv   19G  6.4G   12G  37% /
tmpfs                              7.1G     0  7.1G   0% /dev/shm
tmpfs                              5.0M     0  5.0M   0% /run/lock
/dev/sda2                          2.0G  100M  1.7G   6% /boot
tmpfs                              1.5G   12K  1.5G   1% /run/user/1000

===== 2025-06-07 06:00:01 =====
Filesystem                         Size  Used Avail Use% Mounted on
tmpfs                              1.5G  1.1M  1.5G   1% /run
/dev/mapper/ubuntu--vg-ubuntu--lv   19G  6.4G   12G  37% /
tmpfs                              7.1G     0  7.1G   0% /dev/shm
tmpfs                              5.0M     0  5.0M   0% /run/lock
/dev/sda2                          2.0G  100M  1.7G   6% /boot
tmpfs                              1.5G   12K  1.5G   1% /run/user/1000
tmpfs                              1.5G   12K  1.5G   1% /run/user/1001

===== 2025-06-07 07:01:31 =====
Filesystem                         Size  Used Avail Use% Mounted on
tmpfs                              1.5G  1.1M  1.5G   1% /run
/dev/mapper/ubuntu--vg-ubuntu--lv   19G  6.5G   12G  37% /
tmpfs                              7.1G     0  7.1G   0% /dev/shm
tmpfs                              5.0M     0  5.0M   0% /run/lock
/dev/sda2                          2.0G  100M  1.7G   6% /boot
tmpfs                              1.5G   12K  1.5G   1% /run/user/1000
tmpfs                              1.5G   12K  1.5G   1% /run/user/1001

===== 2025-06-07 07:44:36 =====
Filesystem                         Size  Used Avail Use% Mounted on
tmpfs                              1.5G  1.1M  1.5G   1% /run
/dev/mapper/ubuntu--vg-ubuntu--lv   19G  6.5G   12G  37% /
tmpfs                              7.1G     0  7.1G   0% /dev/shm
tmpfs                              5.0M     0  5.0M   0% /run/lock
/dev/sda2                          2.0G  100M  1.7G   6% /boot
tmpfs                              1.5G   12K  1.5G   1% /run/user/1000
tmpfs                              1.5G   12K  1.5G   1% /run/user/1001

===== 2025-06-07 08:00:01 =====
Filesystem                         Size  Used Avail Use% Mounted on
tmpfs                              1.5G  1.1M  1.5G   1% /run
/dev/mapper/ubuntu--vg-ubuntu--lv   19G  6.5G   12G  37% /
tmpfs                              7.1G     0  7.1G   0% /dev/shm
tmpfs                              5.0M     0  5.0M   0% /run/lock
/dev/sda2                          2.0G  100M  1.7G   6% /boot
tmpfs                              1.5G   12K  1.5G   1% /run/user/1000
tmpfs                              1.5G   12K  1.5G   1% /run/user/1001

===== 2025-06-07 09:00:01 =====
Filesystem                         Size  Used Avail Use% Mounted on
tmpfs                              1.5G  1.1M  1.5G   1% /run
/dev/mapper/ubuntu--vg-ubuntu--lv   19G  7.0G   11G  40% /
tmpfs                              7.1G     0  7.1G   0% /dev/shm
tmpfs                              5.0M     0  5.0M   0% /run/lock
/dev/sda2                          2.0G  100M  1.7G   6% /boot
tmpfs                              1.5G   12K  1.5G   1% /run/user/1000
tmpfs                              1.5G   12K  1.5G   1% /run/user/1001

